<?xml version="1.0" encoding="UTF-8"?>
<!-- Generated by org.testng.reporters.JUnitXMLReporter -->
<testsuite hostname="IL-DOMER-W" ignored="0" name="API Tests" tests="3" failures="0" timestamp="01 Feb 2020 21:29:23 GMT" time="4.821" errors="0">
  <testcase name="Test01_postTeam" time="1.849" classname="SanityTests.grafanaAPI"/>
  <testcase name="Test02_updateTeam" time="0.142" classname="SanityTests.grafanaAPI"/>
  <testcase name="Test03_deleteTeam" time="0.105" classname="SanityTests.grafanaAPI"/>
</testsuite> <!-- API Tests -->
