<?xml version="1.0" encoding="UTF-8"?>
<!-- Generated by org.testng.reporters.JUnitXMLReporter -->
<testsuite hostname="IL-DOMER-W" ignored="0" name="Desktop App Tests" tests="4" failures="0" timestamp="07 Feb 2020 09:36:18 GMT" time="77.711" errors="0">
  <testcase name="Test01_getAddition" time="16.355" classname="SanityTests.CalculatorDesktop"/>
  <testcase name="Test02_getSubtraction" time="16.906" classname="SanityTests.CalculatorDesktop"/>
  <testcase name="Test03_getMultiplication" time="14.13" classname="SanityTests.CalculatorDesktop"/>
  <testcase name="Test04_getDivision" time="18.85" classname="SanityTests.CalculatorDesktop"/>
</testsuite> <!-- Desktop App Tests -->
