<?xml version="1.0" encoding="UTF-8"?>
<!-- Generated by org.testng.reporters.JUnitXMLReporter -->
<testsuite hostname="IL-DOMER-W" ignored="0" name="Web Tests" tests="7" failures="0" timestamp="07 Feb 2020 11:55:22 GMT" time="51.313" errors="0">
  <testcase name="Test01_login" time="3.667" classname="SanityTests.NopCommerceWeb"/>
  <testcase name="Test02_desktopsHeader" time="1.722" classname="SanityTests.NopCommerceWeb"/>
  <testcase name="Test03_verifyDesktopPrice" time="4.901" classname="SanityTests.NopCommerceWeb"/>
  <testcase name="Test04_verifyPrice_buildPC" time="5.637" classname="SanityTests.NopCommerceWeb"/>
  <testcase name="Test05_verifyDigitalStormPCPrice" time="3.976" classname="SanityTests.NopCommerceWeb"/>
  <testcase name="Test06_verifyAllInOneRating" time="4.606" classname="SanityTests.NopCommerceWeb"/>
  <testcase name="Test07_compareIcon" time="6.877" classname="SanityTests.NopCommerceWeb"/>
</testsuite> <!-- Web Tests -->
