<?xml version="1.0" encoding="UTF-8"?>
<testng-results skipped="0" failed="0" ignored="0" total="7" passed="7">
  <reporter-output>
  </reporter-output>
  <suite name="Suite" duration-ms="51313" started-at="2020-02-07T11:54:31Z" finished-at="2020-02-07T11:55:22Z">
    <groups>
    </groups>
    <test name="Web Tests" duration-ms="51313" started-at="2020-02-07T11:54:31Z" finished-at="2020-02-07T11:55:22Z">
      <class name="SanityTests.NopCommerceWeb">
        <test-method status="PASS" signature="startSession(java.lang.String)[pri:0, instance:SanityTests.NopCommerceWeb@26f1249d]" name="startSession" is-config="true" duration-ms="11068" started-at="2020-02-07T11:54:31Z" finished-at="2020-02-07T11:54:42Z">
          <params>
            <param index="0">
              <value>
                <![CDATA[web]]>
              </value>
            </param>
          </params>
          <reporter-output>
          </reporter-output>
        </test-method> <!-- startSession -->
        <test-method status="PASS" signature="Test01_login()[pri:0, instance:SanityTests.NopCommerceWeb@26f1249d]" name="Test01_login" duration-ms="3667" started-at="2020-02-07T11:54:42Z" description="Test 01: Login to NopCommerce" finished-at="2020-02-07T11:54:46Z">
          <reporter-output>
          </reporter-output>
        </test-method> <!-- Test01_login -->
        <test-method status="PASS" signature="afterMethod()[pri:0, instance:SanityTests.NopCommerceWeb@26f1249d]" name="afterMethod" is-config="true" duration-ms="1511" started-at="2020-02-07T11:54:46Z" finished-at="2020-02-07T11:54:47Z">
          <reporter-output>
          </reporter-output>
        </test-method> <!-- afterMethod -->
        <test-method status="PASS" signature="Test02_desktopsHeader()[pri:0, instance:SanityTests.NopCommerceWeb@26f1249d]" name="Test02_desktopsHeader" duration-ms="1722" started-at="2020-02-07T11:54:47Z" description="Test 02: Verify desktop page header text" finished-at="2020-02-07T11:54:49Z">
          <reporter-output>
          </reporter-output>
        </test-method> <!-- Test02_desktopsHeader -->
        <test-method status="PASS" signature="afterMethod()[pri:0, instance:SanityTests.NopCommerceWeb@26f1249d]" name="afterMethod" is-config="true" duration-ms="1455" started-at="2020-02-07T11:54:49Z" finished-at="2020-02-07T11:54:51Z">
          <reporter-output>
          </reporter-output>
        </test-method> <!-- afterMethod -->
        <test-method status="PASS" signature="Test03_verifyDesktopPrice()[pri:0, instance:SanityTests.NopCommerceWeb@26f1249d]" name="Test03_verifyDesktopPrice" duration-ms="4901" started-at="2020-02-07T11:54:51Z" description="Test 03: Verify Build desktop PC basic price" finished-at="2020-02-07T11:54:55Z">
          <reporter-output>
          </reporter-output>
        </test-method> <!-- Test03_verifyDesktopPrice -->
        <test-method status="PASS" signature="afterMethod()[pri:0, instance:SanityTests.NopCommerceWeb@26f1249d]" name="afterMethod" is-config="true" duration-ms="919" started-at="2020-02-07T11:54:56Z" finished-at="2020-02-07T11:54:56Z">
          <reporter-output>
          </reporter-output>
        </test-method> <!-- afterMethod -->
        <test-method status="PASS" signature="Test04_verifyPrice_buildPC()[pri:0, instance:SanityTests.NopCommerceWeb@26f1249d]" name="Test04_verifyPrice_buildPC" duration-ms="5637" started-at="2020-02-07T11:54:56Z" description="Test 04: Build your own PC" finished-at="2020-02-07T11:55:02Z">
          <reporter-output>
          </reporter-output>
        </test-method> <!-- Test04_verifyPrice_buildPC -->
        <test-method status="PASS" signature="afterMethod()[pri:0, instance:SanityTests.NopCommerceWeb@26f1249d]" name="afterMethod" is-config="true" duration-ms="800" started-at="2020-02-07T11:55:02Z" finished-at="2020-02-07T11:55:03Z">
          <reporter-output>
          </reporter-output>
        </test-method> <!-- afterMethod -->
        <test-method status="PASS" signature="Test05_verifyDigitalStormPCPrice()[pri:0, instance:SanityTests.NopCommerceWeb@26f1249d]" name="Test05_verifyDigitalStormPCPrice" duration-ms="3976" started-at="2020-02-07T11:55:03Z" description="Test 05: Verify Digital storm model price" finished-at="2020-02-07T11:55:07Z">
          <reporter-output>
          </reporter-output>
        </test-method> <!-- Test05_verifyDigitalStormPCPrice -->
        <test-method status="PASS" signature="afterMethod()[pri:0, instance:SanityTests.NopCommerceWeb@26f1249d]" name="afterMethod" is-config="true" duration-ms="854" started-at="2020-02-07T11:55:07Z" finished-at="2020-02-07T11:55:08Z">
          <reporter-output>
          </reporter-output>
        </test-method> <!-- afterMethod -->
        <test-method status="PASS" signature="Test06_verifyAllInOneRating()[pri:0, instance:SanityTests.NopCommerceWeb@26f1249d]" name="Test06_verifyAllInOneRating" duration-ms="4606" started-at="2020-02-07T11:55:08Z" description="Test 06: Verify All in one PC rating" finished-at="2020-02-07T11:55:12Z">
          <reporter-output>
          </reporter-output>
        </test-method> <!-- Test06_verifyAllInOneRating -->
        <test-method status="PASS" signature="afterMethod()[pri:0, instance:SanityTests.NopCommerceWeb@26f1249d]" name="afterMethod" is-config="true" duration-ms="908" started-at="2020-02-07T11:55:12Z" finished-at="2020-02-07T11:55:13Z">
          <reporter-output>
          </reporter-output>
        </test-method> <!-- afterMethod -->
        <test-method status="PASS" signature="Test07_compareIcon()[pri:0, instance:SanityTests.NopCommerceWeb@26f1249d]" name="Test07_compareIcon" duration-ms="6877" started-at="2020-02-07T11:55:13Z" description="Test 07: Compare nopCommerce main page icon" finished-at="2020-02-07T11:55:20Z">
          <reporter-output>
          </reporter-output>
        </test-method> <!-- Test07_compareIcon -->
        <test-method status="PASS" signature="afterMethod()[pri:0, instance:SanityTests.NopCommerceWeb@26f1249d]" name="afterMethod" is-config="true" duration-ms="1137" started-at="2020-02-07T11:55:20Z" finished-at="2020-02-07T11:55:21Z">
          <reporter-output>
          </reporter-output>
        </test-method> <!-- afterMethod -->
        <test-method status="PASS" signature="closeSession()[pri:0, instance:SanityTests.NopCommerceWeb@26f1249d]" name="closeSession" is-config="true" duration-ms="866" started-at="2020-02-07T11:55:21Z" finished-at="2020-02-07T11:55:22Z">
          <reporter-output>
          </reporter-output>
        </test-method> <!-- closeSession -->
      </class> <!-- SanityTests.NopCommerceWeb -->
    </test> <!-- Web Tests -->
  </suite> <!-- Suite -->
</testng-results>
